<?xml version="1.0" encoding="UTF-8"?>
<!-- Generated by org.testng.reporters.JUnitReportReporter -->
<testsuite hostname="TSD-154" name="testCase.Verify_VelidLogin" tests="1" failures="0" timestamp="17 Apr 2017 05:11:46 GMT" time="73.075" errors="0">
  <testcase name="validLogin" time="73.075" classname="testCase.Verify_VelidLogin"/>
</testsuite> <!-- testCase.Verify_VelidLogin -->
